24-May-2020 04:00:15.068 信息 [main] org.apache.catalina.core.ApplicationContext.log ContextListener: contextInitialized()
24-May-2020 04:00:15.068 信息 [main] org.apache.catalina.core.ApplicationContext.log SessionListener: contextInitialized()
24-May-2020 04:00:15.071 信息 [main] org.apache.catalina.core.ApplicationContext.log ContextListener: attributeAdded('StockTicker', 'async.Stockticker@4a9419d7')
24-May-2020 04:00:34.137 信息 [main] org.apache.catalina.core.ApplicationContext.log SessionListener: contextDestroyed()
24-May-2020 04:00:34.138 信息 [main] org.apache.catalina.core.ApplicationContext.log ContextListener: contextDestroyed()
24-May-2020 04:00:50.082 信息 [main] org.apache.catalina.core.ApplicationContext.log ContextListener: contextInitialized()
24-May-2020 04:00:50.082 信息 [main] org.apache.catalina.core.ApplicationContext.log SessionListener: contextInitialized()
24-May-2020 04:00:50.086 信息 [main] org.apache.catalina.core.ApplicationContext.log ContextListener: attributeAdded('StockTicker', 'async.Stockticker@41382722')
24-May-2020 04:12:07.953 信息 [main] org.apache.catalina.core.ApplicationContext.log ContextListener: contextInitialized()
24-May-2020 04:12:07.954 信息 [main] org.apache.catalina.core.ApplicationContext.log SessionListener: contextInitialized()
24-May-2020 04:12:07.962 信息 [main] org.apache.catalina.core.ApplicationContext.log ContextListener: attributeAdded('StockTicker', 'async.Stockticker@5ed190be')
24-May-2020 04:26:22.895 信息 [main] org.apache.catalina.core.ApplicationContext.log ContextListener: contextInitialized()
24-May-2020 04:26:22.896 信息 [main] org.apache.catalina.core.ApplicationContext.log SessionListener: contextInitialized()
24-May-2020 04:26:22.899 信息 [main] org.apache.catalina.core.ApplicationContext.log ContextListener: attributeAdded('StockTicker', 'async.Stockticker@425357dd')
24-May-2020 04:30:17.935 信息 [main] org.apache.catalina.core.ApplicationContext.log ContextListener: contextInitialized()
24-May-2020 04:30:17.936 信息 [main] org.apache.catalina.core.ApplicationContext.log SessionListener: contextInitialized()
24-May-2020 04:30:17.939 信息 [main] org.apache.catalina.core.ApplicationContext.log ContextListener: attributeAdded('StockTicker', 'async.Stockticker@5ed190be')
24-May-2020 05:07:49.679 信息 [main] org.apache.catalina.core.ApplicationContext.log ContextListener: contextInitialized()
24-May-2020 05:07:49.679 信息 [main] org.apache.catalina.core.ApplicationContext.log SessionListener: contextInitialized()
24-May-2020 05:07:49.682 信息 [main] org.apache.catalina.core.ApplicationContext.log ContextListener: attributeAdded('StockTicker', 'async.Stockticker@5ed190be')
24-May-2020 05:17:17.461 信息 [main] org.apache.catalina.core.ApplicationContext.log ContextListener: contextInitialized()
24-May-2020 05:17:17.461 信息 [main] org.apache.catalina.core.ApplicationContext.log SessionListener: contextInitialized()
24-May-2020 05:17:17.465 信息 [main] org.apache.catalina.core.ApplicationContext.log ContextListener: attributeAdded('StockTicker', 'async.Stockticker@5ed190be')
24-May-2020 05:26:41.942 信息 [main] org.apache.catalina.core.ApplicationContext.log ContextListener: contextInitialized()
24-May-2020 05:26:41.942 信息 [main] org.apache.catalina.core.ApplicationContext.log SessionListener: contextInitialized()
24-May-2020 05:26:41.946 信息 [main] org.apache.catalina.core.ApplicationContext.log ContextListener: attributeAdded('StockTicker', 'async.Stockticker@3d4d3fe7')
24-May-2020 05:35:14.307 信息 [main] org.apache.catalina.core.ApplicationContext.log ContextListener: contextInitialized()
24-May-2020 05:35:14.307 信息 [main] org.apache.catalina.core.ApplicationContext.log SessionListener: contextInitialized()
24-May-2020 05:35:14.319 信息 [main] org.apache.catalina.core.ApplicationContext.log ContextListener: attributeAdded('StockTicker', 'async.Stockticker@38875e7d')
24-May-2020 07:51:01.024 信息 [main] org.apache.catalina.core.ApplicationContext.log ContextListener: contextInitialized()
24-May-2020 07:51:01.024 信息 [main] org.apache.catalina.core.ApplicationContext.log SessionListener: contextInitialized()
24-May-2020 07:51:01.029 信息 [main] org.apache.catalina.core.ApplicationContext.log ContextListener: attributeAdded('StockTicker', 'async.Stockticker@443dbe42')
24-May-2020 07:55:50.880 信息 [main] org.apache.catalina.core.ApplicationContext.log ContextListener: contextInitialized()
24-May-2020 07:55:50.880 信息 [main] org.apache.catalina.core.ApplicationContext.log SessionListener: contextInitialized()
24-May-2020 07:55:50.886 信息 [main] org.apache.catalina.core.ApplicationContext.log ContextListener: attributeAdded('StockTicker', 'async.Stockticker@5ed190be')
24-May-2020 08:02:45.798 信息 [main] org.apache.catalina.core.ApplicationContext.log ContextListener: contextInitialized()
24-May-2020 08:02:45.799 信息 [main] org.apache.catalina.core.ApplicationContext.log SessionListener: contextInitialized()
24-May-2020 08:02:45.803 信息 [main] org.apache.catalina.core.ApplicationContext.log ContextListener: attributeAdded('StockTicker', 'async.Stockticker@38875e7d')
24-May-2020 08:29:11.744 信息 [main] org.apache.catalina.core.ApplicationContext.log ContextListener: contextInitialized()
24-May-2020 08:29:11.745 信息 [main] org.apache.catalina.core.ApplicationContext.log SessionListener: contextInitialized()
24-May-2020 08:29:11.750 信息 [main] org.apache.catalina.core.ApplicationContext.log ContextListener: attributeAdded('StockTicker', 'async.Stockticker@3d4d3fe7')
24-May-2020 08:34:27.517 信息 [main] org.apache.catalina.core.ApplicationContext.log ContextListener: contextInitialized()
24-May-2020 08:34:27.518 信息 [main] org.apache.catalina.core.ApplicationContext.log SessionListener: contextInitialized()
24-May-2020 08:34:27.522 信息 [main] org.apache.catalina.core.ApplicationContext.log ContextListener: attributeAdded('StockTicker', 'async.Stockticker@38875e7d')
